e2e4
d2d4
e4e5
f1d3
d1d3
d3b3
a2a4
b3b7
a1a4
a4a7
b7a7
b1c3
c1g5
e5f6
b2b4
g1f3
a7c5
b4c5
g5f6
e1e2
h1b1
e2d3
f3e5
d4e5
b1b6
c3e2
f2f4
e2f4
b6b7
d3c3
f4e6
e6d4
d4f5
c3d2
b7b8
f5d6
b8e8
e8f8
f8e8
d2e1
e8e5
c2c4
d6c4
e5e4
e4e5
e5e7
e7f7
f7d7
c4d2
d2c4
d7h7
e1e2
e2f2
h7d7
f2g2
g2h2
d7d2
h2h1
h1h2
h2h1
h1h2
h2h1
h1h2
h2g3
g3f3
e7e6
f8b4
b4d2
d7d5
d5c4
b7b6
c8a6
b8a6
g8f6
a6b8
f6g4
g4h6
c7c6
d8c7
e6d5
c7d6
b6b5
d6b4
a7a5
a5a4
b8d7
h6g8
g8e7
h7h6
e7c6
h6g5
d7e5
e5d3
e8g8
g7h6
d3c1
a8e8
e8e6
e6f6
f6f3
f3f7
b5b4
b4b3
f8e8
e8f8
f7f3
f3f2
f2f3
f3f2
f2f1
f1f2
f2f3
f3f2
d7d5
c8f5
